<?xml version="1.0" encoding="UTF-8"?>
<testsuite name="models.CoordinateTest" tests="4" skipped="0" failures="0" errors="0" timestamp="2022-11-17T18:33:14" hostname="MX0C02GT33BQ05P" time="0.199">
  <properties/>
  <testcase name="cannotCreateCoordinateWithNegativeX()[jvm]" classname="models.CoordinateTest" time="0.181"/>
  <testcase name="cannotCreateCoordinateWithNegativeY()[jvm]" classname="models.CoordinateTest" time="0.0"/>
  <testcase name="canGetX()[jvm]" classname="models.CoordinateTest" time="0.015"/>
  <testcase name="canGetY()[jvm]" classname="models.CoordinateTest" time="0.001"/>
  <system-out><![CDATA[]]></system-out>
  <system-err><![CDATA[]]></system-err>
</testsuite>
