<?xml version="1.0" encoding="UTF-8"?>
<testsuite name="models.LightTest" tests="3" skipped="0" failures="0" errors="0" timestamp="2022-11-17T18:33:14" hostname="MX0C02GT33BQ05P" time="0.003">
  <properties/>
  <testcase name="canTurnOffLight()[jvm]" classname="models.LightTest" time="0.001"/>
  <testcase name="canToggleLight()[jvm]" classname="models.LightTest" time="0.0"/>
  <testcase name="canTurnOnLight()[jvm]" classname="models.LightTest" time="0.001"/>
  <system-out><![CDATA[]]></system-out>
  <system-err><![CDATA[]]></system-err>
</testsuite>
