<?xml version="1.0" encoding="UTF-8"?>
<testsuite name="models.MeshTest" tests="12" skipped="0" failures="0" errors="0" timestamp="2022-11-17T18:33:14" hostname="MX0C02GT33BQ05P" time="0.278">
  <properties/>
  <testcase name="canTurnOnMesh()[jvm]" classname="models.MeshTest" time="0.029"/>
  <testcase name="cannotMoveMeshWithCoordinateStartYInvalid()[jvm]" classname="models.MeshTest" time="0.004"/>
  <testcase name="canGetLightsTurnOnMesh()[jvm]" classname="models.MeshTest" time="0.083"/>
  <testcase name="cannotMoveMeshWithCoordinateEndXInvalid()[jvm]" classname="models.MeshTest" time="0.003"/>
  <testcase name="canTurnOnRangeMesh()[jvm]" classname="models.MeshTest" time="0.029"/>
  <testcase name="canTurnOffRangeMesh()[jvm]" classname="models.MeshTest" time="0.055"/>
  <testcase name="canTurnOffMesh()[jvm]" classname="models.MeshTest" time="0.004"/>
  <testcase name="cannotMoveMeshWithCoordinateEndYInvalid()[jvm]" classname="models.MeshTest" time="0.003"/>
  <testcase name="cannotCreateMeshWithNegativeX()[jvm]" classname="models.MeshTest" time="0.0"/>
  <testcase name="cannotCreateMeshWithNegativeY()[jvm]" classname="models.MeshTest" time="0.0"/>
  <testcase name="cannotMoveMeshWithCoordinateStartXInvalid()[jvm]" classname="models.MeshTest" time="0.006"/>
  <testcase name="canToggleRangeMesh()[jvm]" classname="models.MeshTest" time="0.056"/>
  <system-out><![CDATA[]]></system-out>
  <system-err><![CDATA[]]></system-err>
</testsuite>
